SenPengHome/app/build/outputs/logs/manifest-merger-debug-report.txt
-- Merging decision tree log ---
manifest
ADDED from src\main\AndroidManifest.xml:2:1-62:12
INJECTED from src\main\AndroidManifest.xml:2:1-62:12
INJECTED from src\main\AndroidManifest.xml:2:1-62:12
INJECTED from src\main\AndroidManifest.xml:2:1-62:12
MERGED from [com.squareup.leakcanary:leakcanary-android:2.5] AndroidManifest.xml:17:1-28:12
MERGED from [androidx.legacy:legacy-support-v4:1.0.0] AndroidManifest.xml:17:1-22:12
MERGED from [com.squareup.leakcanary:leakcanary-android-core:2.5] AndroidManifest.xml:17:1-75:12
MERGED from [com.squareup.leakcanary:leakcanary-object-watcher-android-androidx:2.5] AndroidManifest.xml:2:1-7:12
MERGED from [com.squareup.leakcanary:leakcanary-object-watcher-android-support-fragments:2.5] AndroidManifest.xml:2:1-7:12
MERGED from [com.squareup.leakcanary:leakcanary-object-watcher-android:2.5] AndroidManifest.xml:2:1-15:12
MERGED from [com.squareup.leakcanary:plumber-android:2.5] AndroidManifest.xml:2:1-15:12
MERGED from [androidx.media:media:1.0.0] AndroidManifest.xml:17:1-22:12
MERGED from [androidx.fragment:fragment:1.0.0] AndroidManifest.xml:17:1-22:12
MERGED from [androidx.legacy:legacy-support-core-ui:1.0.0] AndroidManifest.xml:17:1-22:12
MERGED from [androidx.legacy:legacy-support-core-utils:1.0.0] AndroidManifest.xml:17:1-22:12
MERGED from [androidx.loader:loader:1.0.0] AndroidManifest.xml:17:1-22:12
MERGED from [androidx.viewpager:viewpager:1.0.0] AndroidManifest.xml:17:1-22:12
MERGED from [androidx.coordinatorlayout:coordinatorlayout:1.0.0] AndroidManifest.xml:17:1-22:12
MERGED from [androidx.drawerlayout:drawerlayout:1.0.0] AndroidManifest.xml:17:1-22:12
MERGED from [androidx.slidingpanelayout:slidingpanelayout:1.0.0] AndroidManifest.xml:17:1-22:12
MERGED from [androidx.customview:customview:1.0.0] AndroidManifest.xml:17:1-22:12
MERGED from [androidx.swiperefreshlayout:swiperefreshlayout:1.0.0] AndroidManifest.xml:17:1-22:12
MERGED from [androidx.asynclayoutinflater:asynclayoutinflater:1.0.0] AndroidManifest.xml:17:1-22:12
MERGED from [androidx.core:core:1.0.0] AndroidManifest.xml:17:1-24:12
MERGED from [androidx.versionedparcelable:versionedparcelable:1.0.0] AndroidManifest.xml:17:1-25:12
MERGED from [androidx.lifecycle:lifecycle-runtime:2.0.0] AndroidManifest.xml:17:1-22:12
MERGED from [androidx.documentfile:documentfile:1.0.0] AndroidManifest.xml:17:1-22:12
MERGED from [androidx.localbroadcastmanager:localbroadcastmanager:1.0.0] AndroidManifest.xml:17:1-22:12
MERGED from [androidx.print:print:1.0.0] AndroidManifest.xml:17:1-22:12
MERGED from [androidx.interpolator:interpolator:1.0.0] AndroidManifest.xml:17:1-22:12
MERGED from [androidx.cursoradapter:cursoradapter:1.0.0] AndroidManifest.xml:17:1-22:12
MERGED from [androidx.lifecycle:lifecycle-viewmodel:2.0.0] AndroidManifest.xml:17:1-22:12
MERGED from [androidx.lifecycle:lifecycle-livedata:2.0.0] AndroidManifest.xml:17:1-22:12
MERGED from [androidx.lifecycle:lifecycle-livedata-core:2.0.0] AndroidManifest.xml:17:1-22:12
MERGED from [androidx.arch.core:core-runtime:2.0.0] AndroidManifest.xml:17:1-22:12
INJECTED from src\main\AndroidManifest.xml:2:1-62:12
INJECTED from src\main\AndroidManifest.xml:2:1-62:12
INJECTED from src\main\AndroidManifest.xml:2:1-62:12
	package
		ADDED from src\main\AndroidManifest.xml:3:5-27
		INJECTED from src\main\AndroidManifest.xml
		INJECTED from src\main\AndroidManifest.xml
	android:versionName
		INJECTED from src\main\AndroidManifest.xml
		ADDED from src\main\AndroidManifest.xml:2:1-62:12
		INJECTED from src\main\AndroidManifest.xml
	android:versionCode
		INJECTED from src\main\AndroidManifest.xml
		ADDED from src\main\AndroidManifest.xml:2:1-62:12
		INJECTED from src\main\AndroidManifest.xml
	xmlns:android
		ADDED from src\main\AndroidManifest.xml:2:11-69
uses-feature#0x00020000
ADDED from src\main\AndroidManifest.xml:6:5-8:35
	android:glEsVersion
		ADDED from src\main\AndroidManifest.xml:7:9-41
	android:required
		ADDED from src\main\AndroidManifest.xml:8:9-32
uses-permission#android.permission.SET_WALLPAPER
ADDED from src\main\AndroidManifest.xml:11:5-72
	android:name
		ADDED from src\main\AndroidManifest.xml:11:22-69
uses-permission#android.permission.SET_WALLPAPER_HINTS
ADDED from src\main\AndroidManifest.xml:12:5-78
	android:name
		ADDED from src\main\AndroidManifest.xml:12:22-75
uses-permission#android.permission.VIBRATE
ADDED from src\main\AndroidManifest.xml:13:5-66
	android:name
		ADDED from src\main\AndroidManifest.xml:13:22-63
uses-permission#com.android.launcher.permission.READ_SETTINGS
ADDED from src\main\AndroidManifest.xml:14:5-85
	android:name
		ADDED from src\main\AndroidManifest.xml:14:22-82
uses-permission#com.android.launcher.permission.WRITE_SETTINGS
ADDED from src\main\AndroidManifest.xml:15:5-86
	android:name
		ADDED from src\main\AndroidManifest.xml:15:22-83
uses-permission#android.permission.READ_EXTERNAL_STORAGE
ADDED from src\main\AndroidManifest.xml:16:5-80
MERGED from [com.squareup.leakcanary:leakcanary-android-core:2.5] AndroidManifest.xml:23:5-80
MERGED from [com.squareup.leakcanary:leakcanary-android-core:2.5] AndroidManifest.xml:23:5-80
	android:name
		ADDED from src\main\AndroidManifest.xml:16:22-77
uses-permission#android.permission.WRITE_EXTERNAL_STORAGE
ADDED from src\main\AndroidManifest.xml:17:5-81
MERGED from [com.squareup.leakcanary:leakcanary-android-core:2.5] AndroidManifest.xml:24:5-81
MERGED from [com.squareup.leakcanary:leakcanary-android-core:2.5] AndroidManifest.xml:24:5-81
	android:name
		ADDED from src\main\AndroidManifest.xml:17:22-78
application
ADDED from src\main\AndroidManifest.xml:21:5-60:19
MERGED from [com.squareup.leakcanary:leakcanary-android:2.5] AndroidManifest.xml:22:5-26:19
MERGED from [com.squareup.leakcanary:leakcanary-android:2.5] AndroidManifest.xml:22:5-26:19
MERGED from [com.squareup.leakcanary:leakcanary-android-core:2.5] AndroidManifest.xml:28:5-73:19
MERGED from [com.squareup.leakcanary:leakcanary-android-core:2.5] AndroidManifest.xml:28:5-73:19
MERGED from [com.squareup.leakcanary:leakcanary-object-watcher-android:2.5] AndroidManifest.xml:7:5-13:19
MERGED from [com.squareup.leakcanary:leakcanary-object-watcher-android:2.5] AndroidManifest.xml:7:5-13:19
MERGED from [com.squareup.leakcanary:plumber-android:2.5] AndroidManifest.xml:7:5-13:19
MERGED from [com.squareup.leakcanary:plumber-android:2.5] AndroidManifest.xml:7:5-13:19
MERGED from [androidx.core:core:1.0.0] AndroidManifest.xml:22:5-89
MERGED from [androidx.core:core:1.0.0] AndroidManifest.xml:22:5-89
MERGED from [androidx.versionedparcelable:versionedparcelable:1.0.0] AndroidManifest.xml:22:5-23:19
MERGED from [androidx.versionedparcelable:versionedparcelable:1.0.0] AndroidManifest.xml:22:5-23:19
	android:appComponentFactory
		ADDED from [androidx.core:core:1.0.0] AndroidManifest.xml:22:18-86
	android:supportsRtl
		ADDED from src\main\AndroidManifest.xml:28:9-35
	android:label
		ADDED from src\main\AndroidManifest.xml:25:9-41
	android:resizeableActivity
		ADDED from src\main\AndroidManifest.xml:26:9-43
	android:roundIcon
		ADDED from src\main\AndroidManifest.xml:27:9-54
	android:icon
		ADDED from src\main\AndroidManifest.xml:24:9-43
	android:allowBackup
		ADDED from src\main\AndroidManifest.xml:23:9-35
	android:name
		ADDED from src\main\AndroidManifest.xml:22:9-38
activity#com.spd.home.FullscreenActivity
ADDED from src\main\AndroidManifest.xml:29:9-48:20
	android:label
		ADDED from src\main\AndroidManifest.xml:32:13-45
	android:launchMode
		ADDED from src\main\AndroidManifest.xml:33:13-48
	android:configChanges
		ADDED from src\main\AndroidManifest.xml:31:13-82
	android:theme
		ADDED from src\main\AndroidManifest.xml:34:13-51
	android:name
		ADDED from src\main\AndroidManifest.xml:30:13-47
intent-filter#action:name:android.intent.action.MAIN+category:name:android.intent.category.DEFAULT+category:name:android.intent.category.HOME+category:name:android.intent.category.LAUNCHER+category:name:android.intent.category.MONKEY
ADDED from src\main\AndroidManifest.xml:36:13-43:29
action#android.intent.action.MAIN
ADDED from src\main\AndroidManifest.xml:37:17-69
	android:name
		ADDED from src\main\AndroidManifest.xml:37:25-66
category#android.intent.category.HOME
ADDED from src\main\AndroidManifest.xml:39:17-73
	android:name
		ADDED from src\main\AndroidManifest.xml:39:27-70
category#android.intent.category.DEFAULT
ADDED from src\main\AndroidManifest.xml:40:17-76
	android:name
		ADDED from src\main\AndroidManifest.xml:40:27-73
category#android.intent.category.MONKEY
ADDED from src\main\AndroidManifest.xml:41:17-75
	android:name
		ADDED from src\main\AndroidManifest.xml:41:27-72
category#android.intent.category.LAUNCHER
ADDED from src\main\AndroidManifest.xml:42:17-77
	android:name
		ADDED from src\main\AndroidManifest.xml:42:27-74
intent-filter#action:name:com.spd.home.START+category:name:android.intent.category.DEFAULT
ADDED from src\main\AndroidManifest.xml:44:13-47:29
action#com.spd.home.START
ADDED from src\main\AndroidManifest.xml:45:17-61
	android:name
		ADDED from src\main\AndroidManifest.xml:45:25-58
service#com.spd.SpdWallPaper.SpdWallPaper
ADDED from src\main\AndroidManifest.xml:49:9-59:19
	android:enabled
		ADDED from src\main\AndroidManifest.xml:51:13-35
	android:permission
		ADDED from src\main\AndroidManifest.xml:52:13-67
	android:name
		ADDED from src\main\AndroidManifest.xml:50:13-61
intent-filter#action:name:android.service.wallpaper.WallpaperService
ADDED from src\main\AndroidManifest.xml:53:13-55:29
action#android.service.wallpaper.WallpaperService
ADDED from src\main\AndroidManifest.xml:54:17-85
	android:name
		ADDED from src\main\AndroidManifest.xml:54:25-82
meta-data#android.service.wallpaper
ADDED from src\main\AndroidManifest.xml:56:13-58:62
	android:resource
		ADDED from src\main\AndroidManifest.xml:58:17-59
	android:name
		ADDED from src\main\AndroidManifest.xml:57:17-57
uses-sdk
INJECTED from src\main\AndroidManifest.xml reason: use-sdk injection requested
INJECTED from src\main\AndroidManifest.xml
INJECTED from src\main\AndroidManifest.xml
MERGED from [com.squareup.leakcanary:leakcanary-android:2.5] AndroidManifest.xml:20:5-44
MERGED from [com.squareup.leakcanary:leakcanary-android:2.5] AndroidManifest.xml:20:5-44
MERGED from [androidx.legacy:legacy-support-v4:1.0.0] AndroidManifest.xml:20:5-44
MERGED from [androidx.legacy:legacy-support-v4:1.0.0] AndroidManifest.xml:20:5-44
MERGED from [com.squareup.leakcanary:leakcanary-android-core:2.5] AndroidManifest.xml:20:5-44
MERGED from [com.squareup.leakcanary:leakcanary-android-core:2.5] AndroidManifest.xml:20:5-44
MERGED from [com.squareup.leakcanary:leakcanary-object-watcher-android-androidx:2.5] AndroidManifest.xml:5:5-44
MERGED from [com.squareup.leakcanary:leakcanary-object-watcher-android-androidx:2.5] AndroidManifest.xml:5:5-44
MERGED from [com.squareup.leakcanary:leakcanary-object-watcher-android-support-fragments:2.5] AndroidManifest.xml:5:5-44
MERGED from [com.squareup.leakcanary:leakcanary-object-watcher-android-support-fragments:2.5] AndroidManifest.xml:5:5-44
MERGED from [com.squareup.leakcanary:leakcanary-object-watcher-android:2.5] AndroidManifest.xml:5:5-44
MERGED from [com.squareup.leakcanary:leakcanary-object-watcher-android:2.5] AndroidManifest.xml:5:5-44
MERGED from [com.squareup.leakcanary:plumber-android:2.5] AndroidManifest.xml:5:5-44
MERGED from [com.squareup.leakcanary:plumber-android:2.5] AndroidManifest.xml:5:5-44
MERGED from [androidx.media:media:1.0.0] AndroidManifest.xml:20:5-44
MERGED from [androidx.media:media:1.0.0] AndroidManifest.xml:20:5-44
MERGED from [androidx.fragment:fragment:1.0.0] AndroidManifest.xml:20:5-44
MERGED from [androidx.fragment:fragment:1.0.0] AndroidManifest.xml:20:5-44
MERGED from [androidx.legacy:legacy-support-core-ui:1.0.0] AndroidManifest.xml:20:5-44
MERGED from [androidx.legacy:legacy-support-core-ui:1.0.0] AndroidManifest.xml:20:5-44
MERGED from [androidx.legacy:legacy-support-core-utils:1.0.0] AndroidManifest.xml:20:5-44
MERGED from [androidx.legacy:legacy-support-core-utils:1.0.0] AndroidManifest.xml:20:5-44
MERGED from [androidx.loader:loader:1.0.0] AndroidManifest.xml:20:5-44
MERGED from [androidx.loader:loader:1.0.0] AndroidManifest.xml:20:5-44
MERGED from [androidx.viewpager:viewpager:1.0.0] AndroidManifest.xml:20:5-44
MERGED from [androidx.viewpager:viewpager:1.0.0] AndroidManifest.xml:20:5-44
MERGED from [androidx.coordinatorlayout:coordinatorlayout:1.0.0] AndroidManifest.xml:20:5-44
MERGED from [androidx.coordinatorlayout:coordinatorlayout:1.0.0] AndroidManifest.xml:20:5-44
MERGED from [androidx.drawerlayout:drawerlayout:1.0.0] AndroidManifest.xml:20:5-44
MERGED from [androidx.drawerlayout:drawerlayout:1.0.0] AndroidManifest.xml:20:5-44
MERGED from [androidx.slidingpanelayout:slidingpanelayout:1.0.0] AndroidManifest.xml:20:5-44
MERGED from [androidx.slidingpanelayout:slidingpanelayout:1.0.0] AndroidManifest.xml:20:5-44
MERGED from [androidx.customview:customview:1.0.0] AndroidManifest.xml:20:5-44
MERGED from [androidx.customview:customview:1.0.0] AndroidManifest.xml:20:5-44
MERGED from [androidx.swiperefreshlayout:swiperefreshlayout:1.0.0] AndroidManifest.xml:20:5-44
MERGED from [androidx.swiperefreshlayout:swiperefreshlayout:1.0.0] AndroidManifest.xml:20:5-44
MERGED from [androidx.asynclayoutinflater:asynclayoutinflater:1.0.0] AndroidManifest.xml:20:5-44
MERGED from [androidx.asynclayoutinflater:asynclayoutinflater:1.0.0] AndroidManifest.xml:20:5-44
MERGED from [androidx.core:core:1.0.0] AndroidManifest.xml:20:5-44
MERGED from [androidx.core:core:1.0.0] AndroidManifest.xml:20:5-44
MERGED from [androidx.versionedparcelable:versionedparcelable:1.0.0] AndroidManifest.xml:20:5-44
MERGED from [androidx.versionedparcelable:versionedparcelable:1.0.0] AndroidManifest.xml:20:5-44
MERGED from [androidx.lifecycle:lifecycle-runtime:2.0.0] AndroidManifest.xml:20:5-44
MERGED from [androidx.lifecycle:lifecycle-runtime:2.0.0] AndroidManifest.xml:20:5-44
MERGED from [androidx.documentfile:documentfile:1.0.0] AndroidManifest.xml:20:5-44
MERGED from [androidx.documentfile:documentfile:1.0.0] AndroidManifest.xml:20:5-44
MERGED from [androidx.localbroadcastmanager:localbroadcastmanager:1.0.0] AndroidManifest.xml:20:5-44
MERGED from [androidx.localbroadcastmanager:localbroadcastmanager:1.0.0] AndroidManifest.xml:20:5-44
MERGED from [androidx.print:print:1.0.0] AndroidManifest.xml:20:5-44
MERGED from [androidx.print:print:1.0.0] AndroidManifest.xml:20:5-44
MERGED from [androidx.interpolator:interpolator:1.0.0] AndroidManifest.xml:20:5-44
MERGED from [androidx.interpolator:interpolator:1.0.0] AndroidManifest.xml:20:5-44
MERGED from [androidx.cursoradapter:cursoradapter:1.0.0] AndroidManifest.xml:20:5-44
MERGED from [androidx.cursoradapter:cursoradapter:1.0.0] AndroidManifest.xml:20:5-44
MERGED from [androidx.lifecycle:lifecycle-viewmodel:2.0.0] AndroidManifest.xml:20:5-44
MERGED from [androidx.lifecycle:lifecycle-viewmodel:2.0.0] AndroidManifest.xml:20:5-44
MERGED from [androidx.lifecycle:lifecycle-livedata:2.0.0] AndroidManifest.xml:20:5-44
MERGED from [androidx.lifecycle:lifecycle-livedata:2.0.0] AndroidManifest.xml:20:5-44
MERGED from [androidx.lifecycle:lifecycle-livedata-core:2.0.0] AndroidManifest.xml:20:5-44
MERGED from [androidx.lifecycle:lifecycle-livedata-core:2.0.0] AndroidManifest.xml:20:5-44
MERGED from [androidx.arch.core:core-runtime:2.0.0] AndroidManifest.xml:20:5-44
MERGED from [androidx.arch.core:core-runtime:2.0.0] AndroidManifest.xml:20:5-44
INJECTED from src\main\AndroidManifest.xml
INJECTED from src\main\AndroidManifest.xml
	android:targetSdkVersion
		INJECTED from src\main\AndroidManifest.xml
		ADDED from src\main\AndroidManifest.xml
		INJECTED from src\main\AndroidManifest.xml
	android:minSdkVersion
		INJECTED from src\main\AndroidManifest.xml
		ADDED from src\main\AndroidManifest.xml
		INJECTED from src\main\AndroidManifest.xml
service#leakcanary.internal.HeapAnalyzerService
ADDED from [com.squareup.leakcanary:leakcanary-android:2.5] AndroidManifest.xml:23:9-25:40
	android:exported
		ADDED from [com.squareup.leakcanary:leakcanary-android:2.5] AndroidManifest.xml:25:13-37
	android:name
		ADDED from [com.squareup.leakcanary:leakcanary-android:2.5] AndroidManifest.xml:24:13-67
uses-permission#android.permission.FOREGROUND_SERVICE
ADDED from [com.squareup.leakcanary:leakcanary-android-core:2.5] AndroidManifest.xml:26:5-77
	android:name
		ADDED from [com.squareup.leakcanary:leakcanary-android-core:2.5] AndroidManifest.xml:26:22-74
provider#leakcanary.internal.LeakCanaryFileProvider
ADDED from [com.squareup.leakcanary:leakcanary-android-core:2.5] AndroidManifest.xml:29:9-37:20
	android:grantUriPermissions
		ADDED from [com.squareup.leakcanary:leakcanary-android-core:2.5] AndroidManifest.xml:33:13-47
	android:authorities
		ADDED from [com.squareup.leakcanary:leakcanary-android-core:2.5] AndroidManifest.xml:31:13-88
	android:exported
		ADDED from [com.squareup.leakcanary:leakcanary-android-core:2.5] AndroidManifest.xml:32:13-37
	android:name
		ADDED from [com.squareup.leakcanary:leakcanary-android-core:2.5] AndroidManifest.xml:30:13-70
meta-data#android.support.FILE_PROVIDER_PATHS
ADDED from [com.squareup.leakcanary:leakcanary-android-core:2.5] AndroidManifest.xml:34:13-36:66
	android:resource
		ADDED from [com.squareup.leakcanary:leakcanary-android-core:2.5] AndroidManifest.xml:36:17-63
	android:name
		ADDED from [com.squareup.leakcanary:leakcanary-android-core:2.5] AndroidManifest.xml:35:17-67
activity#leakcanary.internal.activity.LeakActivity
ADDED from [com.squareup.leakcanary:leakcanary-android-core:2.5] AndroidManifest.xml:39:9-44:66
	android:label
		ADDED from [com.squareup.leakcanary:leakcanary-android-core:2.5] AndroidManifest.xml:42:13-71
	android:icon
		ADDED from [com.squareup.leakcanary:leakcanary-android-core:2.5] AndroidManifest.xml:41:13-52
	android:theme
		ADDED from [com.squareup.leakcanary:leakcanary-android-core:2.5] AndroidManifest.xml:44:13-63
	android:taskAffinity
		ADDED from [com.squareup.leakcanary:leakcanary-android-core:2.5] AndroidManifest.xml:43:13-76
	android:name
		ADDED from [com.squareup.leakcanary:leakcanary-android-core:2.5] AndroidManifest.xml:40:13-69
activity-alias#leakcanary.internal.activity.LeakLauncherActivity
ADDED from [com.squareup.leakcanary:leakcanary-android-core:2.5] AndroidManifest.xml:46:9-62:26
	android:enabled
		ADDED from [com.squareup.leakcanary:leakcanary-android-core:2.5] AndroidManifest.xml:49:13-66
	android:label
		ADDED from [com.squareup.leakcanary:leakcanary-android-core:2.5] AndroidManifest.xml:51:13-71
	android:targetActivity
		ADDED from [com.squareup.leakcanary:leakcanary-android-core:2.5] AndroidManifest.xml:52:13-79
	android:icon
		ADDED from [com.squareup.leakcanary:leakcanary-android-core:2.5] AndroidManifest.xml:50:13-52
	android:banner
		ADDED from [com.squareup.leakcanary:leakcanary-android-core:2.5] AndroidManifest.xml:48:13-59
	android:theme
		ADDED from [com.squareup.leakcanary:leakcanary-android-core:2.5] AndroidManifest.xml:54:13-63
	android:taskAffinity
		ADDED from [com.squareup.leakcanary:leakcanary-android-core:2.5] AndroidManifest.xml:53:13-76
	android:name
		ADDED from [com.squareup.leakcanary:leakcanary-android-core:2.5] AndroidManifest.xml:47:13-77
intent-filter#action:name:android.intent.action.MAIN+category:name:android.intent.category.LAUNCHER+category:name:android.intent.category.LEANBACK_LAUNCHER
ADDED from [com.squareup.leakcanary:leakcanary-android-core:2.5] AndroidManifest.xml:55:13-61:29
category#android.intent.category.LEANBACK_LAUNCHER
ADDED from [com.squareup.leakcanary:leakcanary-android-core:2.5] AndroidManifest.xml:60:17-86
	android:name
		ADDED from [com.squareup.leakcanary:leakcanary-android-core:2.5] AndroidManifest.xml:60:27-83
activity#leakcanary.internal.RequestStoragePermissionActivity
ADDED from [com.squareup.leakcanary:leakcanary-android-core:2.5] AndroidManifest.xml:64:9-70:68
	android:label
		ADDED from [com.squareup.leakcanary:leakcanary-android-core:2.5] AndroidManifest.xml:68:13-82
	android:excludeFromRecents
		ADDED from [com.squareup.leakcanary:leakcanary-android-core:2.5] AndroidManifest.xml:66:13-46
	android:icon
		ADDED from [com.squareup.leakcanary:leakcanary-android-core:2.5] AndroidManifest.xml:67:13-52
	android:theme
		ADDED from [com.squareup.leakcanary:leakcanary-android-core:2.5] AndroidManifest.xml:70:13-65
	android:taskAffinity
		ADDED from [com.squareup.leakcanary:leakcanary-android-core:2.5] AndroidManifest.xml:69:13-76
	android:name
		ADDED from [com.squareup.leakcanary:leakcanary-android-core:2.5] AndroidManifest.xml:65:13-80
receiver#leakcanary.internal.NotificationReceiver
ADDED from [com.squareup.leakcanary:leakcanary-android-core:2.5] AndroidManifest.xml:72:9-77
	android:name
		ADDED from [com.squareup.leakcanary:leakcanary-android-core:2.5] AndroidManifest.xml:72:19-74
provider#leakcanary.internal.AppWatcherInstaller$MainProcess
ADDED from [com.squareup.leakcanary:leakcanary-object-watcher-android:2.5] AndroidManifest.xml:8:9-12:40
	android:enabled
		ADDED from [com.squareup.leakcanary:leakcanary-object-watcher-android:2.5] AndroidManifest.xml:11:13-69
	android:authorities
		ADDED from [com.squareup.leakcanary:leakcanary-object-watcher-android:2.5] AndroidManifest.xml:10:13-72
	android:exported
		ADDED from [com.squareup.leakcanary:leakcanary-object-watcher-android:2.5] AndroidManifest.xml:12:13-37
	android:name
		ADDED from [com.squareup.leakcanary:leakcanary-object-watcher-android:2.5] AndroidManifest.xml:9:13-79
provider#leakcanary.internal.PlumberInstaller
ADDED from [com.squareup.leakcanary:plumber-android:2.5] AndroidManifest.xml:8:9-12:40
	android:enabled
		ADDED from [com.squareup.leakcanary:plumber-android:2.5] AndroidManifest.xml:11:13-69
	android:authorities
		ADDED from [com.squareup.leakcanary:plumber-android:2.5] AndroidManifest.xml:10:13-69
	android:exported
		ADDED from [com.squareup.leakcanary:plumber-android:2.5] AndroidManifest.xml:12:13-37
	android:name
		ADDED from [com.squareup.leakcanary:plumber-android:2.5] AndroidManifest.xml:9:13-64